<?xml version="1.0" encoding="UTF-8"?>
<testsuite xmlns:xsi="http://www.w3.org/2001/XMLSchema-instance" xsi:noNamespaceSchemaLocation="https://maven.apache.org/surefire/maven-surefire-plugin/xsd/surefire-test-report.xsd" name="controllers.PacemakerAPITest" time="0.208" tests="7" errors="0" skipped="0" failures="0">
  <properties>
[...]
</properties>
  <testcase name="testDeleteUsers" classname="controllers.PacemakerAPITest" time="0.171"/>
  <testcase name="testUsers" classname="controllers.PacemakerAPITest" time="0.004"/>
  <testcase name="testUser" classname="controllers.PacemakerAPITest" time="0.001"/>
  <testcase name="testAddActivityWithSingleLocation" classname="controllers.PacemakerAPITest" time="0"/>
  <testcase name="testAddActivityWithMultipleLocation" classname="controllers.PacemakerAPITest" time="0.015"/>
  <testcase name="testAddActivity" classname="controllers.PacemakerAPITest" time="0.001"/>
  <testcase name="testEquals" classname="controllers.PacemakerAPITest" time="0"/>
</testsuite>